2022-09-29 16:21:28,230 [INFO] Activator:177 - 


2022-09-29 16:21:28,231 [INFO] Activator:178 - !SESSION log4j initialized
2022-09-29 16:21:39,361 [INFO] McuFinderGlobals:44 - Set McuFinder mode to 2 (CubeIDE integrated)
2022-09-29 16:21:39,828 [INFO] ApplicationProperties:181 - Using Application install path: C:\ST\STM32CubeIDE_1.10.1\STM32CubeIDE\plugins\com.st.stm32cube.common.mx_6.6.1.202207061420
2022-09-29 16:21:39,852 [INFO] DbMcusXml:77 - Set database path to: C:\ST\STM32CubeIDE_1.10.1\STM32CubeIDE\plugins\com.st.stm32cube.common.mx_6.6.1.202207061420\\db\/mcu/
2022-09-29 16:21:39,853 [INFO] ApiDb:269 - Set plugin database path to: C:\ST\STM32CubeIDE_1.10.1\STM32CubeIDE\plugins\com.st.stm32cube.common.mx_6.6.1.202207061420\\db\/plugins/boardmanager/
2022-09-29 16:21:39,855 [WARN] ApiDb:254 - Overriding images path with different value:  => C:\ST\STM32CubeIDE_1.10.1\STM32CubeIDE\plugins\com.st.stm32cube.common.mx_6.6.1.202207061420\\db\/plugins/mcufinder/images/
2022-09-29 16:21:39,865 [INFO] ApiDb:249 - Set database path to: C:\Users\guiga\.stmcufinder\plugins\mcufinder//mcu/
2022-09-29 16:21:39,866 [INFO] DbMcusAds:124 - Set database path to: C:\Users\guiga\.stmcufinder\plugins\mcufinder//mcu/
2022-09-29 16:21:39,870 [INFO] CrossReferenceDbSqlite:201 - Set database path to: C:\Users\guiga\.stmcufinder\plugins\mcufinder//mcu/cs/
2022-09-29 16:21:39,999 [INFO] RulesReader:61 - Compatibility file has been processed (282 Rules)
2022-09-29 16:21:40,124 [INFO] DbMcusXml:77 - Set database path to: C:\ST\STM32CubeIDE_1.10.1\STM32CubeIDE\plugins\com.st.stm32cube.common.mx_6.6.1.202207061420\\db\/mcu/
2022-09-29 16:21:40,124 [INFO] ApiDb:269 - Set plugin database path to: C:\ST\STM32CubeIDE_1.10.1\STM32CubeIDE\plugins\com.st.stm32cube.common.mx_6.6.1.202207061420\\db\/plugins/boardmanager/
2022-09-29 16:21:40,124 [INFO] ApiDb:256 - Set plugin images path to: C:\ST\STM32CubeIDE_1.10.1\STM32CubeIDE\plugins\com.st.stm32cube.common.mx_6.6.1.202207061420\\db\/plugins/mcufinder/images/
2022-09-29 16:21:40,125 [WARN] DbFile:40 - Overriding database path with different value: C:\Users\guiga\.stmcufinder\plugins\mcufinder/ => C:\Users\guiga\.stmcufinder\plugins\mcufinder
2022-09-29 16:21:40,125 [INFO] ApiDb:249 - Set database path to: C:\Users\guiga\.stmcufinder\plugins\mcufinder//mcu/
2022-09-29 16:21:40,125 [WARN] DbFile:40 - Overriding database path with different value: C:\Users\guiga\.stmcufinder\plugins\mcufinder/ => C:\Users\guiga\.stmcufinder\plugins\mcufinder
2022-09-29 16:21:40,125 [INFO] DbMcusAds:124 - Set database path to: C:\Users\guiga\.stmcufinder\plugins\mcufinder//mcu/
2022-09-29 16:21:40,126 [WARN] DbFile:40 - Overriding database path with different value: C:\Users\guiga\.stmcufinder\plugins\mcufinder/ => C:\Users\guiga\.stmcufinder\plugins\mcufinder
2022-09-29 16:21:40,126 [WARN] DbFile:40 - Overriding database path with different value: C:\Users\guiga\.stmcufinder\plugins\mcufinder/ => C:\Users\guiga\.stmcufinder\plugins\mcufinder
2022-09-29 16:21:40,126 [INFO] CrossReferenceDbSqlite:201 - Set database path to: C:\Users\guiga\.stmcufinder\plugins\mcufinder//mcu/cs/
2022-09-29 16:21:40,397 [INFO] MainPanel:242 - HeapMemory: 268435456
2022-09-29 16:21:40,603 [INFO] DbMcusXml:77 - Set database path to: C:\ST\STM32CubeIDE_1.10.1\STM32CubeIDE\plugins\com.st.stm32cube.common.mx_6.6.1.202207061420\\db\/mcu/
2022-09-29 16:21:40,603 [INFO] ApiDb:269 - Set plugin database path to: C:\ST\STM32CubeIDE_1.10.1\STM32CubeIDE\plugins\com.st.stm32cube.common.mx_6.6.1.202207061420\\db\/plugins/boardmanager/
2022-09-29 16:21:40,603 [INFO] ApiDb:256 - Set plugin images path to: C:\ST\STM32CubeIDE_1.10.1\STM32CubeIDE\plugins\com.st.stm32cube.common.mx_6.6.1.202207061420\\db\/plugins/mcufinder/images/
2022-09-29 16:21:40,604 [WARN] DbFile:40 - Overriding database path with different value: C:\Users\guiga\.stmcufinder\plugins\mcufinder/ => C:\Users\guiga\.stmcufinder\plugins\mcufinder
2022-09-29 16:21:40,604 [INFO] ApiDb:249 - Set database path to: C:\Users\guiga\.stmcufinder\plugins\mcufinder//mcu/
2022-09-29 16:21:40,604 [WARN] DbFile:40 - Overriding database path with different value: C:\Users\guiga\.stmcufinder\plugins\mcufinder/ => C:\Users\guiga\.stmcufinder\plugins\mcufinder
2022-09-29 16:21:40,604 [INFO] DbMcusAds:124 - Set database path to: C:\Users\guiga\.stmcufinder\plugins\mcufinder//mcu/
2022-09-29 16:21:40,604 [WARN] DbFile:40 - Overriding database path with different value: C:\Users\guiga\.stmcufinder\plugins\mcufinder/ => C:\Users\guiga\.stmcufinder\plugins\mcufinder
2022-09-29 16:21:40,604 [WARN] DbFile:40 - Overriding database path with different value: C:\Users\guiga\.stmcufinder\plugins\mcufinder/ => C:\Users\guiga\.stmcufinder\plugins\mcufinder
2022-09-29 16:21:40,604 [INFO] CrossReferenceDbSqlite:201 - Set database path to: C:\Users\guiga\.stmcufinder\plugins\mcufinder//mcu/cs/
2022-09-29 16:21:40,620 [INFO] ApplicationProperties:181 - Using Application install path: C:\ST\STM32CubeIDE_1.10.1\STM32CubeIDE\plugins\com.st.stm32cube.common.mx_6.6.1.202207061420
2022-09-29 16:21:40,621 [INFO] PluginManage:193 - Search for loadable plugins [exclusion list=, ]
2022-09-29 16:21:40,622 [INFO] PluginManage:307 - Check plugin analytics
2022-09-29 16:21:40,750 [INFO] AnalyticsPlugin:262 - Accepted Software Licenses: 
2022-09-29 16:21:40,751 [INFO] AnalyticsPlugin:264 - Accepted CMSIS Pack Licenses: 
2022-09-29 16:21:40,751 [INFO] AnalyticsPlugin:266 - Accepted Firmware Licenses: 
2022-09-29 16:21:40,757 [INFO] PluginManage:356 - Loaded plugin analytics (category:tool,tabindex:-1)
2022-09-29 16:21:40,757 [INFO] PluginManage:307 - Check plugin cadmodel
2022-09-29 16:21:40,775 [INFO] CADModel:65 - Init CAD model plugin
2022-09-29 16:21:40,776 [INFO] PluginManage:356 - Loaded plugin cadmodel (category:power,tabindex:5)
2022-09-29 16:21:40,776 [INFO] PluginManage:307 - Check plugin clock
2022-09-29 16:21:40,786 [INFO] PluginManage:356 - Loaded plugin clock (category:base,tabindex:2)
2022-09-29 16:21:40,786 [INFO] PluginManage:307 - Check plugin ddr
2022-09-29 16:21:40,788 [INFO] PluginManage:356 - Loaded plugin ddr (category:tool,tabindex:6)
2022-09-29 16:21:40,788 [INFO] PluginManage:307 - Check plugin filemanager
2022-09-29 16:21:40,955 [INFO] PluginManage:356 - Loaded plugin filemanager (category:base,tabindex:10)
2022-09-29 16:21:40,955 [INFO] PluginManage:307 - Check plugin ipmanager
2022-09-29 16:21:40,962 [INFO] PluginManage:356 - Loaded plugin ipmanager (category:base,tabindex:5)
2022-09-29 16:21:40,963 [INFO] PluginManage:307 - Check plugin lpbam
2022-09-29 16:21:40,971 [INFO] PluginManage:356 - Loaded plugin lpbam (category:base,tabindex:0)
2022-09-29 16:21:40,972 [INFO] PluginManage:307 - Check plugin pinoutandconfiguration
2022-09-29 16:21:40,978 [INFO] PluginManage:356 - Loaded plugin pinoutandconfiguration (category:base,tabindex:1)
2022-09-29 16:21:40,978 [INFO] PluginManage:307 - Check plugin pinoutconfig
2022-09-29 16:21:41,085 [INFO] PluginManage:356 - Loaded plugin pinoutconfig (category:base,tabindex:0)
2022-09-29 16:21:41,085 [INFO] PluginManage:307 - Check plugin power
2022-09-29 16:21:41,126 [INFO] PluginManage:356 - Loaded plugin power (category:power,tabindex:4)
2022-09-29 16:21:41,126 [INFO] PluginManage:307 - Check plugin projectmanager
2022-09-29 16:21:41,138 [INFO] PluginManage:356 - Loaded plugin projectmanager (category:projectmanager,tabindex:3)
2022-09-29 16:21:41,138 [INFO] PluginManage:307 - Check plugin thirdparty
2022-09-29 16:21:41,555 [WARN] IntegrityCheckThread:82 - waiting for thirdparty lock release [integrity check]
2022-09-29 16:21:41,555 [INFO] PluginManage:356 - Loaded plugin thirdparty (category:base,tabindex:-1)
2022-09-29 16:21:41,556 [INFO] IntegrityCheckThread:84 - entering critical section [integrity check]
2022-09-29 16:21:41,556 [INFO] PluginManage:307 - Check plugin tools
2022-09-29 16:21:41,558 [INFO] ThirdPartyUpdaterWithRetryManager:70 - Updater plugin not ready yet. [1/15]
2022-09-29 16:21:41,558 [INFO] PluginManage:356 - Loaded plugin tools (category:base,tabindex:7)
2022-09-29 16:21:41,558 [INFO] PluginManage:307 - Check plugin tutovideos
2022-09-29 16:21:42,142 [INFO] PluginManage:356 - Loaded plugin tutovideos (category:base,tabindex:-1)
2022-09-29 16:21:42,143 [INFO] PluginManage:307 - Check plugin updater
2022-09-29 16:21:42,152 [INFO] PluginManage:356 - Loaded plugin updater (category:base,tabindex:12)
2022-09-29 16:21:42,152 [INFO] PluginManage:280 - PluginManage : Loaded plugins [15]
2022-09-29 16:21:42,555 [INFO] PinOutPanel:1468 - setPackage(No Configuration,No Configuration)
2022-09-29 16:21:42,726 [INFO] CADModel:98 - CPN selected for project level
2022-09-29 16:21:42,739 [INFO] IPUIPlugin:79 - create IPUIPlugin
2022-09-29 16:21:42,739 [INFO] PluginManager:217 - loadIPPluginJar : add adc
2022-09-29 16:21:42,741 [INFO] IPUIPlugin:79 - create IPUIPlugin
2022-09-29 16:21:42,741 [INFO] PluginManager:217 - loadIPPluginJar : add aes
2022-09-29 16:21:42,743 [INFO] IPUIPlugin:79 - create IPUIPlugin
2022-09-29 16:21:42,743 [INFO] PluginManager:217 - loadIPPluginJar : add can
2022-09-29 16:21:42,744 [INFO] IPUIPlugin:79 - create IPUIPlugin
2022-09-29 16:21:42,745 [INFO] PluginManager:217 - loadIPPluginJar : add comp
2022-09-29 16:21:42,747 [INFO] IPUIPlugin:79 - create IPUIPlugin
2022-09-29 16:21:42,747 [INFO] PluginManager:217 - loadIPPluginJar : add cryp
2022-09-29 16:21:42,749 [INFO] IPUIPlugin:79 - create IPUIPlugin
2022-09-29 16:21:42,749 [INFO] PluginManager:217 - loadIPPluginJar : add dfsdm
2022-09-29 16:21:42,753 [INFO] IPUIPlugin:79 - create IPUIPlugin
2022-09-29 16:21:42,754 [INFO] PluginManager:217 - loadIPPluginJar : add dma
2022-09-29 16:21:42,756 [INFO] IPUIPlugin:79 - create IPUIPlugin
2022-09-29 16:21:42,756 [INFO] PluginManager:217 - loadIPPluginJar : add dma3
2022-09-29 16:21:42,757 [INFO] IPUIPlugin:79 - create IPUIPlugin
2022-09-29 16:21:42,758 [INFO] PluginManager:217 - loadIPPluginJar : add fatfs
2022-09-29 16:21:42,761 [INFO] IPUIPlugin:79 - create IPUIPlugin
2022-09-29 16:21:42,761 [INFO] PluginManager:217 - loadIPPluginJar : add fmc
2022-09-29 16:21:42,766 [INFO] IPUIPlugin:79 - create IPUIPlugin
2022-09-29 16:21:42,766 [INFO] PluginManager:217 - loadIPPluginJar : add freertos
2022-09-29 16:21:42,767 [INFO] IPUIPlugin:79 - create IPUIPlugin
2022-09-29 16:21:42,767 [INFO] PluginManager:217 - loadIPPluginJar : add genericplugin
2022-09-29 16:21:42,769 [INFO] IPUIPlugin:79 - create IPUIPlugin
2022-09-29 16:21:42,770 [INFO] PluginManager:217 - loadIPPluginJar : add gfxmmu
2022-09-29 16:21:42,773 [INFO] IPUIPlugin:79 - create IPUIPlugin
2022-09-29 16:21:42,773 [INFO] PluginManager:217 - loadIPPluginJar : add gic
2022-09-29 16:21:42,776 [INFO] IPUIPlugin:79 - create IPUIPlugin
2022-09-29 16:21:42,776 [INFO] PluginManager:217 - loadIPPluginJar : add gpio
2022-09-29 16:21:42,778 [INFO] IPUIPlugin:79 - create IPUIPlugin
2022-09-29 16:21:42,778 [INFO] PluginManager:217 - loadIPPluginJar : add gtzc
2022-09-29 16:21:42,780 [INFO] IPUIPlugin:79 - create IPUIPlugin
2022-09-29 16:21:42,780 [INFO] PluginManager:217 - loadIPPluginJar : add hash
2022-09-29 16:21:42,782 [INFO] IPUIPlugin:79 - create IPUIPlugin
2022-09-29 16:21:42,782 [INFO] PluginManager:217 - loadIPPluginJar : add i2c
2022-09-29 16:21:42,784 [INFO] IPUIPlugin:79 - create IPUIPlugin
2022-09-29 16:21:42,784 [INFO] PluginManager:217 - loadIPPluginJar : add i2s
2022-09-29 16:21:42,811 [INFO] IPUIPlugin:79 - create IPUIPlugin
2022-09-29 16:21:42,811 [INFO] PluginManager:217 - loadIPPluginJar : add ipddr
2022-09-29 16:21:42,816 [INFO] IPUIPlugin:79 - create IPUIPlugin
2022-09-29 16:21:42,817 [INFO] PluginManager:217 - loadIPPluginJar : add linkedlist
2022-09-29 16:21:42,818 [INFO] IPUIPlugin:79 - create IPUIPlugin
2022-09-29 16:21:42,819 [INFO] PluginManager:217 - loadIPPluginJar : add lorawan
2022-09-29 16:21:42,820 [INFO] IPUIPlugin:79 - create IPUIPlugin
2022-09-29 16:21:42,820 [INFO] PluginManager:217 - loadIPPluginJar : add ltdc
2022-09-29 16:21:42,824 [INFO] IPUIPlugin:79 - create IPUIPlugin
2022-09-29 16:21:42,824 [INFO] PluginManager:217 - loadIPPluginJar : add mdma
2022-09-29 16:21:42,826 [INFO] IPUIPlugin:79 - create IPUIPlugin
2022-09-29 16:21:42,826 [INFO] PluginManager:217 - loadIPPluginJar : add nvic
2022-09-29 16:21:42,828 [INFO] IPUIPlugin:79 - create IPUIPlugin
2022-09-29 16:21:42,828 [INFO] PluginManager:217 - loadIPPluginJar : add opamp
2022-09-29 16:21:42,830 [INFO] IPUIPlugin:79 - create IPUIPlugin
2022-09-29 16:21:42,831 [INFO] PluginManager:217 - loadIPPluginJar : add openamp
2022-09-29 16:21:42,833 [INFO] IPUIPlugin:79 - create IPUIPlugin
2022-09-29 16:21:42,833 [INFO] PluginManager:217 - loadIPPluginJar : add pdm2pcm
2022-09-29 16:21:42,839 [INFO] IPUIPlugin:79 - create IPUIPlugin
2022-09-29 16:21:42,841 [INFO] PluginManager:217 - loadIPPluginJar : add plateformsettings
2022-09-29 16:21:42,843 [INFO] IPUIPlugin:79 - create IPUIPlugin
2022-09-29 16:21:42,843 [INFO] PluginManager:217 - loadIPPluginJar : add quadspi
2022-09-29 16:21:42,845 [INFO] IPUIPlugin:79 - create IPUIPlugin
2022-09-29 16:21:42,845 [INFO] PluginManager:217 - loadIPPluginJar : add resmgrutility
2022-09-29 16:21:42,848 [INFO] IPUIPlugin:79 - create IPUIPlugin
2022-09-29 16:21:42,848 [INFO] PluginManager:217 - loadIPPluginJar : add sai
2022-09-29 16:21:42,850 [INFO] IPUIPlugin:79 - create IPUIPlugin
2022-09-29 16:21:42,850 [INFO] PluginManager:217 - loadIPPluginJar : add spi
2022-09-29 16:21:42,854 [INFO] IPUIPlugin:79 - create IPUIPlugin
2022-09-29 16:21:42,855 [INFO] PluginManager:217 - loadIPPluginJar : add stm32_wpan
2022-09-29 16:21:42,856 [INFO] IPUIPlugin:79 - create IPUIPlugin
2022-09-29 16:21:42,856 [INFO] PluginManager:217 - loadIPPluginJar : add tim
2022-09-29 16:21:42,859 [INFO] IPUIPlugin:79 - create IPUIPlugin
2022-09-29 16:21:42,859 [INFO] PluginManager:217 - loadIPPluginJar : add touchsensing
2022-09-29 16:21:42,861 [INFO] IPUIPlugin:79 - create IPUIPlugin
2022-09-29 16:21:42,861 [INFO] PluginManager:217 - loadIPPluginJar : add tracer_emb
2022-09-29 16:21:42,863 [INFO] IPUIPlugin:79 - create IPUIPlugin
2022-09-29 16:21:42,863 [INFO] PluginManager:217 - loadIPPluginJar : add ts
2022-09-29 16:21:42,864 [INFO] IPUIPlugin:79 - create IPUIPlugin
2022-09-29 16:21:42,865 [INFO] PluginManager:217 - loadIPPluginJar : add tsc
2022-09-29 16:21:42,866 [INFO] IPUIPlugin:79 - create IPUIPlugin
2022-09-29 16:21:42,866 [INFO] PluginManager:217 - loadIPPluginJar : add ucpd
2022-09-29 16:21:42,868 [INFO] IPUIPlugin:79 - create IPUIPlugin
2022-09-29 16:21:42,869 [INFO] PluginManager:217 - loadIPPluginJar : add usart
2022-09-29 16:21:42,871 [INFO] IPUIPlugin:79 - create IPUIPlugin
2022-09-29 16:21:42,871 [INFO] PluginManager:217 - loadIPPluginJar : add usbx
2022-09-29 16:21:43,370 [FATAL] Updater:301 - Updater called before beeing initialized
2022-09-29 16:21:43,572 [FATAL] Updater:301 - Updater called before beeing initialized
2022-09-29 16:21:43,578 [INFO] DbMcusAds:52 - JSON generation date=Thu Sep 30 03:55:09 BRT 2021 (1632984909247)
2022-09-29 16:21:43,578 [FATAL] Updater:301 - Updater called before beeing initialized
2022-09-29 16:21:43,729 [WARN] DetailPanel:344 - Failed to get advertising image, set to default
2022-09-29 16:21:43,920 [FATAL] Updater:301 - Updater called before beeing initialized
2022-09-29 16:21:43,922 [FATAL] Updater:301 - Updater called before beeing initialized
2022-09-29 16:21:43,922 [FATAL] Updater:301 - Updater called before beeing initialized
2022-09-29 16:21:43,922 [WARN] DetailPanel:344 - Failed to get advertising image, set to default
2022-09-29 16:21:43,923 [FATAL] Updater:301 - Updater called before beeing initialized
2022-09-29 16:21:43,974 [ERROR] Updater:1105 - MainUpdater not yet initialized. External WinMGr cannot be set.
2022-09-29 16:21:43,984 [INFO] Updater:1041 - Updater Version found : 6.6.1
2022-09-29 16:21:43,999 [INFO] ApplicationProperties:181 - Using Application install path: C:\ST\STM32CubeIDE_1.10.1\STM32CubeIDE\plugins\com.st.stm32cube.common.mx_6.6.1.202207061420
2022-09-29 16:21:44,569 [INFO] ThirdPartyUpdaterWithRetryManager:70 - Updater plugin not ready yet. [2/15]
2022-09-29 16:21:46,022 [INFO] MainUpdater:2768 - connection check result : 10
2022-09-29 16:21:46,022 [INFO] MainUpdater:280 - Updater Check For Update Now.
2022-09-29 16:21:46,023 [INFO] MicroXplorer:481 - Change Database Version : DB.6.0.60
2022-09-29 16:21:46,196 [INFO] CheckServerUpdateThread:119 - End of CheckServer Thread
2022-09-29 16:21:46,267 [INFO] MainUpdater:2768 - connection check result : 10
2022-09-29 16:21:46,833 [INFO] McuFinderGlobals:57 - Set McuFinderConnectedMode to true
2022-09-29 16:21:46,840 [INFO] MultiScanPanel:195 - Auto-refresh data requested => check proxy status ongoing
2022-09-29 16:21:46,844 [INFO] FinderPluginLoader:92 - Searching for filters in installed packs
2022-09-29 16:21:46,925 [INFO] ApiDb:576 - Connected to CubeFinder SQLite database (C:\Users\guiga\.stmcufinder\plugins\mcufinder\mcu\cube-finder-db.db)
2022-09-29 16:21:47,023 [INFO] ApiDb:663 - CubeFinder database Data Model version=2.1
2022-09-29 16:21:47,023 [INFO] ApiDb:664 - CubeFinder database Configuration version=3.0.32
2022-09-29 16:21:47,024 [INFO] ApiDb:665 - CubeFinder database generation date=2022-08-05 (1659688109)
2022-09-29 16:21:47,024 [INFO] ApiDb:666 - CubeFinder database FW Pack versions=[STM32Cube_FW_C0_V1.0.0, STM32Cube_FW_F4_V1.27.1, STM32Cube_FW_F7_V1.17.0, STM32Cube_FW_G0_V1.6.1, STM32Cube_FW_G4_V1.5.0, STM32Cube_FW_H7_V1.10.0, STM32Cube_FW_L5_V1.4.0, STM32Cube_FW_U5_V1.1.1, STM32Cube_FW_WB_V1.14.1, STM32Cube_FW_WL_V1.2.0, X-CUBE-ALGOBUILD_V1.3.0, X-CUBE-ALS_V1.0.1, X-CUBE-AZRTOS-F4_V1.1.0, X-CUBE-AZRTOS-F7_V1.1.0, X-CUBE-AZRTOS-G0_V1.1.0, X-CUBE-AZRTOS-G4_V1.0.0, X-CUBE-AZRTOS-H7_V2.1.0, X-CUBE-AZRTOS-L4_V1.0.0, X-CUBE-AZRTOS-L5_V1.0.0, X-CUBE-AZRTOS-WL_V1.0.0, X-CUBE-BLE1_V6.2.3, X-CUBE-BLE2_V3.3.0, X-CUBE-EEPRMA1_V3.1.1, X-CUBE-GNSS1_V6.0.0, X-CUBE-MEMS1_V9.1.0, X-CUBE-MEMS1_V9.3.0, X-CUBE-NFC4_V2.0.4, X-CUBE-NFC7_V1.0.0, X-CUBE-SFXS2LP1_V4.0.0, X-CUBE-SUBG2_V5.0.0]
2022-09-29 16:21:47,756 [WARN] PackLoader:242 - Cannot read IP mode file for STMicroelectronics.X-CUBE-GNSS1.6.0.0
2022-09-29 16:21:47,790 [WARN] PackLoader:242 - Cannot read IP mode file for STMicroelectronics.X-CUBE-AZRTOS-F4.1.1.0
2022-09-29 16:21:47,824 [WARN] PackLoader:242 - Cannot read IP mode file for STMicroelectronics.X-CUBE-AZRTOS-F7.1.1.0
2022-09-29 16:21:47,837 [WARN] PackLoader:242 - Cannot read IP mode file for STMicroelectronics.X-CUBE-BLE1.6.2.3
2022-09-29 16:21:47,848 [WARN] PackLoader:242 - Cannot read IP mode file for STMicroelectronics.X-CUBE-NFC4.2.0.4
2022-09-29 16:21:47,868 [WARN] PackLoader:242 - Cannot read IP mode file for STMicroelectronics.X-CUBE-TOF1.3.1.0
2022-09-29 16:21:47,887 [WARN] PackLoader:242 - Cannot read IP mode file for wolfSSL.I-CUBE-wolfSSL.5.5.0
2022-09-29 16:21:47,895 [WARN] PackLoader:242 - Cannot read IP mode file for STMicroelectronics.X-CUBE-NFC7.1.0.0
2022-09-29 16:21:47,942 [WARN] PackLoader:242 - Cannot read IP mode file for STMicroelectronics.X-CUBE-MEMS1.9.3.0
2022-09-29 16:21:48,093 [WARN] PackLoader:242 - Cannot read IP mode file for STMicroelectronics.X-CUBE-AI.7.2.0
2022-09-29 16:21:48,107 [WARN] PackLoader:242 - Cannot read IP mode file for STMicroelectronics.X-CUBE-SFXS2LP1.4.0.0
2022-09-29 16:21:48,118 [WARN] PackLoader:242 - Cannot read IP mode file for STMicroelectronics.X-CUBE-BLE2.3.3.0
2022-09-29 16:21:48,131 [WARN] PackLoader:242 - Cannot read IP mode file for STMicroelectronics.X-CUBE-DISPLAY.2.2.0
2022-09-29 16:21:48,147 [WARN] PackLoader:242 - Cannot read IP mode file for STMicroelectronics.X-CUBE-ISPU.1.0.0
2022-09-29 16:21:48,158 [WARN] PackLoader:242 - Cannot read IP mode file for RoweBots.I-CUBE-UNISONRTOS.5.5.0-4
2022-09-29 16:21:48,181 [WARN] PackLoader:242 - Cannot read IP mode file for STMicroelectronics.X-CUBE-AZRTOS-H7.2.1.0
2022-09-29 16:21:48,196 [WARN] PackLoader:242 - Cannot read IP mode file for STMicroelectronics.X-CUBE-BLEMGR.1.0.0
2022-09-29 16:21:48,206 [WARN] PackLoader:242 - Cannot read IP mode file for STMicroelectronics.X-CUBE-ALGOBUILD.1.3.0
2022-09-29 16:21:48,223 [WARN] PackLoader:242 - Cannot read IP mode file for STMicroelectronics.X-CUBE-AZRTOS-G0.1.1.0
2022-09-29 16:21:48,239 [WARN] PackLoader:242 - Cannot read IP mode file for STMicroelectronics.X-CUBE-SUBG2.5.0.0
2022-09-29 16:21:48,288 [WARN] PackLoader:242 - Cannot read IP mode file for SEGGER.I-CUBE-embOS.1.2.0
2022-09-29 16:21:48,323 [WARN] PackLoader:242 - Cannot read IP mode file for STMicroelectronics.FP-ATR-ASTRA1.1.1.1
2022-09-29 16:21:48,346 [WARN] PackLoader:242 - Cannot read IP mode file for STMicroelectronics.X-CUBE-AZRTOS-G4.1.0.0
2022-09-29 16:21:48,368 [WARN] PackLoader:242 - Cannot read IP mode file for STMicroelectronics.X-CUBE-AZRTOS-L4.1.0.0
2022-09-29 16:21:48,374 [WARN] PackLoader:242 - Cannot read IP mode file for emotas.I-CUBE-CANOPEN.1.1.2
2022-09-29 16:21:48,386 [WARN] PackLoader:242 - Cannot read IP mode file for STMicroelectronics.X-CUBE-TOUCHGFX.4.20.0
2022-09-29 16:21:48,404 [WARN] PackLoader:242 - Cannot read IP mode file for STMicroelectronics.X-CUBE-AZRTOS-WL.1.0.0
2022-09-29 16:21:48,413 [WARN] PackLoader:242 - Cannot read IP mode file for portGmbH.I-Cube-SoM-uGOAL.1.1.0
2022-09-29 16:21:48,425 [WARN] PackLoader:242 - Cannot read IP mode file for STMicroelectronics.X-CUBE-ALS.1.0.1
2022-09-29 16:21:48,437 [WARN] PackLoader:242 - Cannot read IP mode file for STMicroelectronics.X-CUBE-AZRTOS-L5.1.0.0
2022-09-29 16:21:48,446 [WARN] PackLoader:242 - Cannot read IP mode file for STMicroelectronics.X-CUBE-EEPRMA1.3.1.1
2022-09-29 16:21:48,448 [INFO] ThirdParty:929 - Integrity check success = true
2022-09-29 16:21:48,448 [INFO] IntegrityCheckThread:98 - exiting critical section [integrity check]
2022-09-29 16:21:48,448 [INFO] IntegrityCheckThread:101 - End integrity checks thread
2022-09-29 16:21:49,985 [INFO] ApiDb:239 - Found 138 in-development CPN: [B-WB1M-WPAN1, NUCLEO-C031C6, STEVAL-STWINBX1, STM320518-EVAL, STM32C0116-DK, STM32C011D6Y3TR, STM32C011D6Y6TR, STM32C011F4P3, STM32C011F4P6, STM32C011F4U3, STM32C011F4U6TR, STM32C011F6P3, STM32C011F6P6, STM32C011F6U3, STM32C011F6U6TR, STM32C011J4M3, STM32C011J4M6, STM32C011J6M3, STM32C011J6M6, STM32C0316-DK, STM32C031C4T3, STM32C031C4T6, STM32C031C4U3, STM32C031C4U6, STM32C031C6T3, STM32C031C6T6, STM32C031C6U3, STM32C031C6U6, STM32C031F4P3, STM32C031F4P6, STM32C031F6P3, STM32C031F6P6, STM32C031G4U3, STM32C031G4U6, STM32C031G6U3, STM32C031G6U6, STM32C031K4T3, STM32C031K4T6, STM32C031K4U3, STM32C031K4U6, STM32C031K6T3, STM32C031K6T6, STM32C031K6U3, STM32C031K6U6, STM32G071K8TXN, STM32G071K8UXN, STM32G081GBU6N, STM32G081KBT6N, STM32G081KBUXN, STM32G0B1CCT6N, STM32G0B1KCT6, STM32G0B1NEY6TR, STM32G0B1RCT6N, STM32G0C1CCT6, STM32G0C1CCT6N, STM32G0C1CCU6N, STM32G0C1CET6N, STM32G0C1CEU6N, STM32G0C1KCT6, STM32G0C1NEY6TR, STM32G0C1RCI6N, STM32G0C1RCT6N, STM32G0C1REI6N, STM32G0C1RET6N, STM32G0C1VCI6, STM32G0C1VEI6, STM32G471CCT6, STM32G471CCU6, STM32G471CET3, STM32G471CET6, STM32G471CEU3, STM32G471CEU6, STM32G471MCT6, STM32G471MET3, STM32G471MET6, STM32G471MEY6TR, STM32G471QCT6, STM32G471QET3, STM32G471RCT6, STM32G471RET3, STM32G471RET6, STM32G471VCH6, STM32G471VCI6, STM32G471VCT6, STM32G471VEH3, STM32G471VEH6, STM32G471VEI3, STM32G471VEI6, STM32G471VET3, STM32G471VET6, STM32G474CCT6, STM32L476VGY6PTR, STM32L4R5QGI6STR, STM32MP131AAE3, STM32MP131AAF3, STM32MP131AAG3, STM32MP131CAE3, STM32MP131CAF3, STM32MP131CAG3, STM32MP131DAE7, STM32MP131DAF7, STM32MP131DAG7, STM32MP131FAE7, STM32MP131FAF7, STM32MP131FAG7, STM32MP133AAE3, STM32MP133AAF3, STM32MP133AAG3, STM32MP133CAE3, STM32MP133CAF3, STM32MP133CAG3, STM32MP133DAE7, STM32MP133DAF7, STM32MP133DAG7, STM32MP133FAE7, STM32MP133FAF7, STM32MP133FAG7, STM32MP135AAE3, STM32MP135AAF3, STM32MP135AAG3, STM32MP135CAE3, STM32MP135CAF3, STM32MP135CAG3, STM32MP135DAE7, STM32MP135DAF7, STM32MP135DAG7, STM32MP135F-DK, STM32MP135FAE7, STM32MP135FAF7, STM32MP135FAG7, STM32U595ZJT6Q, STM32U599BJY6QTR, STM32U599NIH6Q, STM32U599NJH6Q, STM32U5A5ZJT6Q, STM32U5A9BJY6QTR, STM32U5A9NJH6Q, STM32WB1MMCH6]
2022-09-29 16:21:49,988 [INFO] DbMcus:215 - Found 3542 MCUs, 3542 are supported
2022-09-29 16:21:49,990 [INFO] ApiDb:418 - Load user favorites file C:\Users\guiga/.stm32cubeide/favorites.mcus.txt: 1 item(s)
2022-09-29 16:21:49,991 [INFO] ApiDb:422 - User favorites MCUs=[STM32F407VET6]
2022-09-29 16:21:49,991 [INFO] DbMcus:221 - Set 1 / 1 favorites MCUs
2022-09-29 16:21:51,189 [INFO] LoadUrlFilesThread:177 - End of LoadServerUrlFiles without Thread
2022-09-29 16:21:51,220 [INFO] DetailPanel:339 - Set advertising image to C:/Users/guiga/STM32Cube/Repository/\en.Prom_NBSTM32U50921.jpg
2022-09-29 16:21:51,751 [INFO] MultiScanPanel:778 - Auto Refresh Data is not needed
2022-09-29 16:21:51,758 [INFO] ApiDb:663 - CubeFinder database Data Model version=2.1
2022-09-29 16:21:51,758 [INFO] ApiDb:664 - CubeFinder database Configuration version=3.0.32
2022-09-29 16:21:51,758 [INFO] ApiDb:665 - CubeFinder database generation date=2022-08-05 (1659688109)
2022-09-29 16:21:51,758 [INFO] ApiDb:666 - CubeFinder database FW Pack versions=[STM32Cube_FW_C0_V1.0.0, STM32Cube_FW_F4_V1.27.1, STM32Cube_FW_F7_V1.17.0, STM32Cube_FW_G0_V1.6.1, STM32Cube_FW_G4_V1.5.0, STM32Cube_FW_H7_V1.10.0, STM32Cube_FW_L5_V1.4.0, STM32Cube_FW_U5_V1.1.1, STM32Cube_FW_WB_V1.14.1, STM32Cube_FW_WL_V1.2.0, X-CUBE-ALGOBUILD_V1.3.0, X-CUBE-ALS_V1.0.1, X-CUBE-AZRTOS-F4_V1.1.0, X-CUBE-AZRTOS-F7_V1.1.0, X-CUBE-AZRTOS-G0_V1.1.0, X-CUBE-AZRTOS-G4_V1.0.0, X-CUBE-AZRTOS-H7_V2.1.0, X-CUBE-AZRTOS-L4_V1.0.0, X-CUBE-AZRTOS-L5_V1.0.0, X-CUBE-AZRTOS-WL_V1.0.0, X-CUBE-BLE1_V6.2.3, X-CUBE-BLE2_V3.3.0, X-CUBE-EEPRMA1_V3.1.1, X-CUBE-GNSS1_V6.0.0, X-CUBE-MEMS1_V9.1.0, X-CUBE-MEMS1_V9.3.0, X-CUBE-NFC4_V2.0.4, X-CUBE-NFC7_V1.0.0, X-CUBE-SFXS2LP1_V4.0.0, X-CUBE-SUBG2_V5.0.0]
2022-09-29 16:21:51,865 [INFO] DbBoardsSqlite:227 - include board P-NUCLEO-WB55-NUCLEO as a kit item of type 'Nucleo-64'
2022-09-29 16:21:51,866 [INFO] DbBoardsSqlite:227 - include board P-NUCLEO-WB55-USBDONGLE as a kit item of type 'Nucleo USB Dongle'
2022-09-29 16:21:51,866 [INFO] DbBoardsSqlite:227 - include board STEVAL-IDP005V1 as a kit item of type 'Evaluation Board'
2022-09-29 16:21:51,866 [INFO] DbBoardsSqlite:227 - include board STEVAL-IDP005V2 as a kit item of type 'Evaluation Board'
2022-09-29 16:21:51,878 [INFO] ApiDb:239 - Found 138 in-development CPN: [B-WB1M-WPAN1, NUCLEO-C031C6, STEVAL-STWINBX1, STM320518-EVAL, STM32C0116-DK, STM32C011D6Y3TR, STM32C011D6Y6TR, STM32C011F4P3, STM32C011F4P6, STM32C011F4U3, STM32C011F4U6TR, STM32C011F6P3, STM32C011F6P6, STM32C011F6U3, STM32C011F6U6TR, STM32C011J4M3, STM32C011J4M6, STM32C011J6M3, STM32C011J6M6, STM32C0316-DK, STM32C031C4T3, STM32C031C4T6, STM32C031C4U3, STM32C031C4U6, STM32C031C6T3, STM32C031C6T6, STM32C031C6U3, STM32C031C6U6, STM32C031F4P3, STM32C031F4P6, STM32C031F6P3, STM32C031F6P6, STM32C031G4U3, STM32C031G4U6, STM32C031G6U3, STM32C031G6U6, STM32C031K4T3, STM32C031K4T6, STM32C031K4U3, STM32C031K4U6, STM32C031K6T3, STM32C031K6T6, STM32C031K6U3, STM32C031K6U6, STM32G071K8TXN, STM32G071K8UXN, STM32G081GBU6N, STM32G081KBT6N, STM32G081KBUXN, STM32G0B1CCT6N, STM32G0B1KCT6, STM32G0B1NEY6TR, STM32G0B1RCT6N, STM32G0C1CCT6, STM32G0C1CCT6N, STM32G0C1CCU6N, STM32G0C1CET6N, STM32G0C1CEU6N, STM32G0C1KCT6, STM32G0C1NEY6TR, STM32G0C1RCI6N, STM32G0C1RCT6N, STM32G0C1REI6N, STM32G0C1RET6N, STM32G0C1VCI6, STM32G0C1VEI6, STM32G471CCT6, STM32G471CCU6, STM32G471CET3, STM32G471CET6, STM32G471CEU3, STM32G471CEU6, STM32G471MCT6, STM32G471MET3, STM32G471MET6, STM32G471MEY6TR, STM32G471QCT6, STM32G471QET3, STM32G471RCT6, STM32G471RET3, STM32G471RET6, STM32G471VCH6, STM32G471VCI6, STM32G471VCT6, STM32G471VEH3, STM32G471VEH6, STM32G471VEI3, STM32G471VEI6, STM32G471VET3, STM32G471VET6, STM32G474CCT6, STM32L476VGY6PTR, STM32L4R5QGI6STR, STM32MP131AAE3, STM32MP131AAF3, STM32MP131AAG3, STM32MP131CAE3, STM32MP131CAF3, STM32MP131CAG3, STM32MP131DAE7, STM32MP131DAF7, STM32MP131DAG7, STM32MP131FAE7, STM32MP131FAF7, STM32MP131FAG7, STM32MP133AAE3, STM32MP133AAF3, STM32MP133AAG3, STM32MP133CAE3, STM32MP133CAF3, STM32MP133CAG3, STM32MP133DAE7, STM32MP133DAF7, STM32MP133DAG7, STM32MP133FAE7, STM32MP133FAF7, STM32MP133FAG7, STM32MP135AAE3, STM32MP135AAF3, STM32MP135AAG3, STM32MP135CAE3, STM32MP135CAF3, STM32MP135CAG3, STM32MP135DAE7, STM32MP135DAF7, STM32MP135DAG7, STM32MP135F-DK, STM32MP135FAE7, STM32MP135FAF7, STM32MP135FAG7, STM32U595ZJT6Q, STM32U599BJY6QTR, STM32U599NIH6Q, STM32U599NJH6Q, STM32U5A5ZJT6Q, STM32U5A9BJY6QTR, STM32U5A9NJH6Q, STM32WB1MMCH6]
2022-09-29 16:21:52,015 [INFO] BoardInfo:879 - No configuration file found for board P-NUCLEO-WB55
2022-09-29 16:21:52,015 [INFO] DbBoards:156 - Kit is not supported: P-NUCLEO-WB55
2022-09-29 16:21:52,019 [INFO] BoardInfo:879 - No configuration file found for board STEVAL-BFA001V1B
2022-09-29 16:21:52,020 [INFO] DbBoards:156 - Kit is not supported: STEVAL-BFA001V1B
2022-09-29 16:21:52,021 [INFO] BoardInfo:879 - No configuration file found for board STEVAL-BFA001V2B
2022-09-29 16:21:52,022 [INFO] DbBoards:156 - Kit is not supported: STEVAL-BFA001V2B
2022-09-29 16:21:52,171 [INFO] DbBoards:160 - Found 176 boards, 173 are supported
2022-09-29 16:21:52,178 [INFO] ApiDb:418 - Load user favorites file C:\Users\guiga/.stm32cubeide/favorites.boards.txt: 0 item(s)
2022-09-29 16:21:52,178 [INFO] ApiDb:422 - User favorites Boards=[]
2022-09-29 16:21:52,178 [INFO] DbBoards:189 - Set 0 / 0 favorites Boards
2022-09-29 16:21:52,512 [ERROR] LogOutputStream:74 - [STDERR_REDIRECT] SLF4J: Failed to load class "org.slf4j.impl.StaticLoggerBinder".
2022-09-29 16:21:52,513 [ERROR] LogOutputStream:74 - [STDERR_REDIRECT] SLF4J: Defaulting to no-operation (NOP) logger implementation
2022-09-29 16:21:52,515 [ERROR] LogOutputStream:74 - [STDERR_REDIRECT] SLF4J: See http://www.slf4j.org/codes.html#StaticLoggerBinder for further details.
2022-09-29 16:22:16,177 [INFO] MainUpdater:2768 - connection check result : 10
2022-09-29 16:22:16,178 [INFO] MainUpdater:2768 - connection check result : 10
2022-09-29 16:22:16,220 [INFO] MicroXplorer:451 - Change Database Path : 
2022-09-29 16:22:16,221 [INFO] MicroXplorer:481 - Change Database Version : DB.6.0.60
2022-09-29 16:22:16,221 [WARN] ThirdParty:827 - waiting for thirdparty lock release [close project]
2022-09-29 16:22:16,221 [INFO] ThirdParty:829 - entering critical section [close project]
2022-09-29 16:22:16,225 [INFO] ThirdParty:839 - exiting critical section [close project]
2022-09-29 16:22:16,229 [INFO] PinOutPanel:1468 - setPackage(No Configuration,No Configuration)
2022-09-29 16:22:16,234 [INFO] UtilMem:74 - Begin LoadConfig() Used Memory: 427427608 Bytes (467664896)
2022-09-29 16:22:16,235 [INFO] MicroXplorer:451 - Change Database Path : 
2022-09-29 16:22:16,235 [INFO] MicroXplorer:481 - Change Database Version : DB.6.0.60
2022-09-29 16:22:16,235 [INFO] OpenFileManager:307 - Change cursor
2022-09-29 16:22:16,319 [INFO] Mcu:1922 - Initializing MCU STM32F407VETx STM32F407VETx 
2022-09-29 16:22:16,320 [INFO] Mcu:1935 - No CPN specified => set CPN to STM32F407VET6
2022-09-29 16:22:17,949 [INFO] Context:654 - Trying to add GPIOservice into a context  which must be forbidden
2022-09-29 16:22:18,331 [INFO] ImportTextPane:193 - (OptionalMessage_ERROR) Unable to find key (Mcu.ThirdPartyNb) in loaded IOC file
2022-09-29 16:22:18,331 [INFO] ImportTextPane:193 - (OptionalMessage_ERROR) Unable to find key (Mcu.PinsNb) in loaded IOC file
2022-09-29 16:22:18,331 [INFO] ImportTextPane:193 - (OptionalMessage_ERROR) Unable to find key (Mcu.IPNb) in loaded IOC file
2022-09-29 16:22:18,392 [WARN] ApiManager:308 - Cannot register API 'Board Extension:GNSS1A1' from pack STMicroelectronics.X-CUBE-GNSS1.6.0.0: no header file found
2022-09-29 16:22:18,392 [WARN] ApiManager:308 - Cannot register API 'Board Support:Custom' from pack STMicroelectronics.X-CUBE-GNSS1.6.0.0: no header file found
2022-09-29 16:22:18,392 [WARN] ApiManager:308 - Cannot register API 'Data Exchange:lib_gnss' from pack STMicroelectronics.X-CUBE-GNSS1.6.0.0: no header file found
2022-09-29 16:22:18,402 [WARN] ApiManager:308 - Cannot register API 'Wireless:BlueNRG-MS' from pack STMicroelectronics.X-CUBE-BLE1.6.2.3: no header file found
2022-09-29 16:22:18,405 [INFO] RtosManager:488 - Registered RTOS mode: class=CMSIS, group=RTOS, mode=CMSIS_V1, owner=FREERTOS
2022-09-29 16:22:18,405 [INFO] RtosManager:488 - Registered RTOS mode: class=CMSIS, group=RTOS2, mode=CMSIS_V2, owner=FREERTOS
2022-09-29 16:22:18,405 [INFO] RtosManager:488 - Registered RTOS mode: class=RTOS, group=Core, mode=CMSIS_V1, owner=FREERTOS
2022-09-29 16:22:18,405 [INFO] RtosManager:488 - Registered RTOS mode: class=RTOS, group=Core, mode=CMSIS_V2, owner=FREERTOS
2022-09-29 16:22:18,405 [WARN] ModelIntegratedComponent:185 - Missing modes for component STMicroelectronics:FreeRTOS:0.0.1:STMicroelectronics:RTOS:FreeRTOS:Core:::10.2.0:
2022-09-29 16:22:18,410 [WARN] ApiManager:308 - Cannot register API 'Board Extension:S2868A1' from pack STMicroelectronics.X-CUBE-SUBG2.5.0.0: no header file found
2022-09-29 16:22:18,410 [WARN] ApiManager:308 - Cannot register API 'Board Extension:S2868A2' from pack STMicroelectronics.X-CUBE-SUBG2.5.0.0: no header file found
2022-09-29 16:22:18,411 [WARN] ApiManager:308 - Cannot register API 'Board Extension:S2915A1' from pack STMicroelectronics.X-CUBE-SUBG2.5.0.0: no header file found
2022-09-29 16:22:18,417 [WARN] ApiManager:308 - Cannot register API 'Board Extension:NFC04A1' from pack STMicroelectronics.X-CUBE-NFC4.2.0.4: no header file found
2022-09-29 16:22:18,423 [WARN] ModelIntegratedComponent:64 - No mode defined for component null
2022-09-29 16:22:18,423 [WARN] ModelIntegratedComponent:64 - No mode defined for component null
2022-09-29 16:22:18,423 [WARN] ModelIntegratedComponent:64 - No mode defined for component null
2022-09-29 16:22:18,423 [WARN] ModelIntegratedComponent:64 - No mode defined for component null
2022-09-29 16:22:18,423 [WARN] ModelIntegratedComponent:64 - No mode defined for component null
2022-09-29 16:22:18,423 [WARN] ModelIntegratedComponent:64 - No mode defined for component null
2022-09-29 16:22:18,424 [WARN] ModelIntegratedComponent:64 - No mode defined for component null
2022-09-29 16:22:18,424 [WARN] ModelIntegratedComponent:64 - No mode defined for component null
2022-09-29 16:22:18,424 [WARN] ModelIntegratedComponent:64 - No mode defined for component null
2022-09-29 16:22:18,424 [WARN] ModelIntegratedComponent:64 - No mode defined for component null
2022-09-29 16:22:18,424 [WARN] ModelIntegratedComponent:64 - No mode defined for component null
2022-09-29 16:22:18,424 [WARN] ModelIntegratedComponent:64 - No mode defined for component null
2022-09-29 16:22:18,424 [WARN] ModelIntegratedComponent:64 - No mode defined for component null
2022-09-29 16:22:18,424 [WARN] ModelIntegratedComponent:64 - No mode defined for component null
2022-09-29 16:22:18,424 [WARN] ModelIntegratedComponent:64 - No mode defined for component null
2022-09-29 16:22:18,424 [WARN] ModelIntegratedComponent:64 - No mode defined for component null
2022-09-29 16:22:18,424 [WARN] ModelIntegratedComponent:64 - No mode defined for component null
2022-09-29 16:22:18,424 [WARN] ModelIntegratedComponent:64 - No mode defined for component null
2022-09-29 16:22:18,424 [WARN] ModelIntegratedComponent:64 - No mode defined for component null
2022-09-29 16:22:18,424 [WARN] ModelIntegratedComponent:64 - No mode defined for component null
2022-09-29 16:22:18,424 [WARN] ModelIntegratedComponent:64 - No mode defined for component null
2022-09-29 16:22:18,424 [WARN] ModelIntegratedComponent:64 - No mode defined for component null
2022-09-29 16:22:18,424 [WARN] ModelIntegratedComponent:64 - No mode defined for component null
2022-09-29 16:22:18,424 [WARN] ModelIntegratedComponent:64 - No mode defined for component null
2022-09-29 16:22:18,424 [WARN] ModelIntegratedComponent:64 - No mode defined for component null
2022-09-29 16:22:18,424 [WARN] ModelIntegratedComponent:64 - No mode defined for component null
2022-09-29 16:22:18,425 [WARN] ModelIntegratedComponent:64 - No mode defined for component null
2022-09-29 16:22:18,425 [WARN] ModelIntegratedComponent:64 - No mode defined for component null
2022-09-29 16:22:18,425 [WARN] ModelIntegratedComponent:64 - No mode defined for component null
2022-09-29 16:22:18,425 [WARN] ModelIntegratedComponent:64 - No mode defined for component null
2022-09-29 16:22:18,425 [WARN] ModelIntegratedComponent:64 - No mode defined for component null
2022-09-29 16:22:18,425 [WARN] ModelIntegratedComponent:64 - No mode defined for component null
2022-09-29 16:22:18,425 [WARN] ModelIntegratedComponent:64 - No mode defined for component null
2022-09-29 16:22:18,427 [WARN] ApiManager:308 - Cannot register API 'Board Extension:NFC07A1' from pack STMicroelectronics.X-CUBE-NFC7.1.0.0: no header file found
2022-09-29 16:22:18,511 [WARN] ApiManager:308 - Cannot register API 'Board Extension:IKS01A3' from pack STMicroelectronics.X-CUBE-MEMS1.9.3.0: no header file found
2022-09-29 16:22:18,511 [WARN] ApiManager:308 - Cannot register API 'Board Extension:IKS01A2' from pack STMicroelectronics.X-CUBE-MEMS1.9.3.0: no header file found
2022-09-29 16:22:18,511 [WARN] ApiManager:308 - Cannot register API 'Board Extension:IKS02A1' from pack STMicroelectronics.X-CUBE-MEMS1.9.3.0: no header file found
2022-09-29 16:22:18,517 [WARN] ApiManager:308 - Cannot register API 'Board Extension:EEPRMA1' from pack STMicroelectronics.X-CUBE-EEPRMA1.3.1.1: no header file found
2022-09-29 16:22:18,517 [WARN] ApiManager:308 - Cannot register API 'Board Extension:EEPRMA2' from pack STMicroelectronics.X-CUBE-EEPRMA1.3.1.1: no header file found
2022-09-29 16:22:18,518 [WARN] ApiManager:308 - Cannot register API 'Board Extension:S2868A1' from pack STMicroelectronics.X-CUBE-SFXS2LP1.4.0.0: no header file found
2022-09-29 16:22:18,518 [WARN] ApiManager:308 - Cannot register API 'Board Extension:S2868A2' from pack STMicroelectronics.X-CUBE-SFXS2LP1.4.0.0: no header file found
2022-09-29 16:22:18,518 [WARN] ApiManager:308 - Cannot register API 'Board Extension:S2915A1' from pack STMicroelectronics.X-CUBE-SFXS2LP1.4.0.0: no header file found
2022-09-29 16:22:18,519 [WARN] ApiManager:308 - Cannot register API 'Wireless:BlueNRG-2' from pack STMicroelectronics.X-CUBE-BLE2.3.3.0: no header file found
2022-09-29 16:22:18,526 [INFO] ThirdPartyModel:289 - Start build external matchings
2022-09-29 16:22:18,726 [INFO] ThirdPartyModel:302 - End build external matchings
2022-09-29 16:22:19,043 [INFO] UtilMem:74 - End LoadConfig() Used Memory: 376005032 Bytes (467664896)
2022-09-29 16:22:19,090 [WARN] ThirdParty:789 - waiting for thirdparty lock release [change project]
2022-09-29 16:22:19,091 [INFO] ThirdParty:791 - entering critical section [change project]
2022-09-29 16:22:19,091 [INFO] ThirdParty:981 - CMSIS Pack Vendor :RoweBots I-CUBE-UNISONRTOS 5.5.0-4
2022-09-29 16:22:19,091 [INFO] ThirdParty:981 - CMSIS Pack Vendor :STMicroelectronics X-CUBE-GNSS1 6.0.0
2022-09-29 16:22:19,091 [INFO] ThirdParty:981 - CMSIS Pack Vendor :STMicroelectronics X-CUBE-AZRTOS-H7 2.1.0
2022-09-29 16:22:19,091 [INFO] ThirdParty:981 - CMSIS Pack Vendor :STMicroelectronics USB_HOST 2.0.0
2022-09-29 16:22:19,091 [INFO] ThirdParty:981 - CMSIS Pack Vendor :STMicroelectronics X-CUBE-AZRTOS-F4 1.1.0
2022-09-29 16:22:19,091 [INFO] ThirdParty:981 - CMSIS Pack Vendor :STMicroelectronics LIBJPEG 8.0.0
2022-09-29 16:22:19,091 [INFO] ThirdParty:981 - CMSIS Pack Vendor :STMicroelectronics USB_DEVICE 3.0.0
2022-09-29 16:22:19,091 [INFO] ThirdParty:981 - CMSIS Pack Vendor :STMicroelectronics X-CUBE-BLEMGR 1.0.0
2022-09-29 16:22:19,091 [INFO] ThirdParty:981 - CMSIS Pack Vendor :STMicroelectronics X-CUBE-AZRTOS-F7 1.1.0
2022-09-29 16:22:19,091 [INFO] ThirdParty:981 - CMSIS Pack Vendor :STMicroelectronics USB_DEVICE 2.0.0
2022-09-29 16:22:19,091 [INFO] ThirdParty:981 - CMSIS Pack Vendor :STMicroelectronics X-CUBE-BLE1 6.2.3
2022-09-29 16:22:19,091 [INFO] ThirdParty:981 - CMSIS Pack Vendor :STMicroelectronics X-CUBE-ALGOBUILD 1.3.0
2022-09-29 16:22:19,091 [INFO] ThirdParty:981 - CMSIS Pack Vendor :STMicroelectronics FreeRTOS 0.0.1
2022-09-29 16:22:19,091 [INFO] ThirdParty:981 - CMSIS Pack Vendor :STMicroelectronics X-CUBE-AZRTOS-G0 1.1.0
2022-09-29 16:22:19,091 [INFO] ThirdParty:981 - CMSIS Pack Vendor :STMicroelectronics X-CUBE-SUBG2 5.0.0
2022-09-29 16:22:19,092 [INFO] ThirdParty:981 - CMSIS Pack Vendor :SEGGER I-CUBE-embOS 1.2.0
2022-09-29 16:22:19,092 [INFO] ThirdParty:981 - CMSIS Pack Vendor :STMicroelectronics STM32_WPAN 1.0.0
2022-09-29 16:22:19,092 [INFO] ThirdParty:981 - CMSIS Pack Vendor :STMicroelectronics lwIP 2.0.3
2022-09-29 16:22:19,092 [INFO] ThirdParty:981 - CMSIS Pack Vendor :STMicroelectronics X-CUBE-NFC4 2.0.4
2022-09-29 16:22:19,092 [INFO] ThirdParty:981 - CMSIS Pack Vendor :STMicroelectronics USB_HOST 1.0.0
2022-09-29 16:22:19,092 [INFO] ThirdParty:981 - CMSIS Pack Vendor :STMicroelectronics PDM2PCM 3.1.0
2022-09-29 16:22:19,092 [INFO] ThirdParty:981 - CMSIS Pack Vendor :STMicroelectronics FP-ATR-ASTRA1 1.1.1
2022-09-29 16:22:19,092 [INFO] ThirdParty:981 - CMSIS Pack Vendor :STMicroelectronics PDM2PCM 3.3.0
2022-09-29 16:22:19,092 [INFO] ThirdParty:981 - CMSIS Pack Vendor :STMicroelectronics X-CUBE-TOF1 3.1.0
2022-09-29 16:22:19,092 [INFO] ThirdParty:981 - CMSIS Pack Vendor :STMicroelectronics X-CUBE-AZRTOS-G4 1.0.0
2022-09-29 16:22:19,092 [INFO] ThirdParty:981 - CMSIS Pack Vendor :STMicroelectronics X-CUBE-AZRTOS-L4 1.0.0
2022-09-29 16:22:19,092 [INFO] ThirdParty:981 - CMSIS Pack Vendor :wolfSSL I-CUBE-wolfSSL 5.5.0
2022-09-29 16:22:19,092 [INFO] ThirdParty:981 - CMSIS Pack Vendor :STMicroelectronics HAL Drivers 0.0.0
2022-09-29 16:22:19,092 [INFO] ThirdParty:981 - CMSIS Pack Vendor :STMicroelectronics MBEDTLS 2.16.2
2022-09-29 16:22:19,092 [INFO] ThirdParty:981 - CMSIS Pack Vendor :emotas I-CUBE-CANOPEN 1.1.2
2022-09-29 16:22:19,092 [INFO] ThirdParty:981 - CMSIS Pack Vendor :STMicroelectronics X-CUBE-TOUCHGFX 4.20.0
2022-09-29 16:22:19,092 [INFO] ThirdParty:981 - CMSIS Pack Vendor :STMicroelectronics MBEDTLS 2.14.1
2022-09-29 16:22:19,092 [INFO] ThirdParty:981 - CMSIS Pack Vendor :STMicroelectronics X-CUBE-NFC7 1.0.0
2022-09-29 16:22:19,092 [INFO] ThirdParty:981 - CMSIS Pack Vendor :STMicroelectronics X-CUBE-AZRTOS-WL 1.0.0
2022-09-29 16:22:19,093 [INFO] ThirdParty:981 - CMSIS Pack Vendor :STMicroelectronics X-CUBE-MEMS1 9.3.0
2022-09-29 16:22:19,093 [INFO] ThirdParty:981 - CMSIS Pack Vendor :portGmbH I-Cube-SoM-uGOAL 1.1.0
2022-09-29 16:22:19,093 [INFO] ThirdParty:981 - CMSIS Pack Vendor :STMicroelectronics X-CUBE-ALS 1.0.1
2022-09-29 16:22:19,093 [INFO] ThirdParty:981 - CMSIS Pack Vendor :STMicroelectronics X-CUBE-AI 7.2.0
2022-09-29 16:22:19,093 [INFO] ThirdParty:981 - CMSIS Pack Vendor :STMicroelectronics ThreadX 1.0.0
2022-09-29 16:22:19,093 [INFO] ThirdParty:981 - CMSIS Pack Vendor :STMicroelectronics X-CUBE-AZRTOS-L5 1.0.0
2022-09-29 16:22:19,093 [INFO] ThirdParty:981 - CMSIS Pack Vendor :STMicroelectronics USB_DEVICE 1.0.0
2022-09-29 16:22:19,093 [INFO] ThirdParty:981 - CMSIS Pack Vendor :STMicroelectronics X-CUBE-EEPRMA1 3.1.1
2022-09-29 16:22:19,093 [INFO] ThirdParty:981 - CMSIS Pack Vendor :STMicroelectronics ThreadX 0.0.2
2022-09-29 16:22:19,093 [INFO] ThirdParty:981 - CMSIS Pack Vendor :STMicroelectronics lwIP 2.1.2
2022-09-29 16:22:19,093 [INFO] ThirdParty:981 - CMSIS Pack Vendor :STMicroelectronics X-CUBE-SFXS2LP1 4.0.0
2022-09-29 16:22:19,093 [INFO] ThirdParty:981 - CMSIS Pack Vendor :STMicroelectronics X-CUBE-BLE2 3.3.0
2022-09-29 16:22:19,093 [INFO] ThirdParty:981 - CMSIS Pack Vendor :STMicroelectronics X-CUBE-DISPLAY 2.2.0
2022-09-29 16:22:19,093 [INFO] ThirdParty:981 - CMSIS Pack Vendor :STMicroelectronics PDM2PCM 3.2.0
2022-09-29 16:22:19,093 [INFO] ThirdParty:981 - CMSIS Pack Vendor :STMicroelectronics X-CUBE-ISPU 1.0.0
2022-09-29 16:22:19,093 [INFO] ThirdParty:797 - exiting critical section [change project]
2022-09-29 16:22:19,447 [INFO] PinOutPanel:1468 - setPackage(No Configuration,No Configuration)
2022-09-29 16:22:19,448 [INFO] PinOutPanel:1468 - setPackage(STM32F407VETx,LQFP100)
2022-09-29 16:22:19,844 [INFO] UtilMem:74 - Before build in PCC Used Memory: 226169712 Bytes (467664896)
2022-09-29 16:22:20,462 [INFO] UtilMem:74 - After build in PCC Used Memory: 265622912 Bytes (467664896)
2022-09-29 16:22:20,487 [INFO] IPUIPlugin:79 - create IPUIPlugin
2022-09-29 16:22:20,487 [INFO] IPUIPlugin:79 - create IPUIPlugin
2022-09-29 16:22:20,487 [INFO] IPUIPlugin:79 - create IPUIPlugin
2022-09-29 16:22:20,487 [INFO] IPUIPlugin:79 - create IPUIPlugin
2022-09-29 16:22:20,487 [INFO] IPUIPlugin:79 - create IPUIPlugin
2022-09-29 16:22:20,487 [INFO] IPUIPlugin:79 - create IPUIPlugin
2022-09-29 16:22:20,488 [INFO] IPUIPlugin:79 - create IPUIPlugin
2022-09-29 16:22:20,490 [INFO] IPUIPlugin:79 - create IPUIPlugin
2022-09-29 16:22:20,490 [INFO] IPUIPlugin:79 - create IPUIPlugin
2022-09-29 16:22:20,491 [INFO] IPUIPlugin:79 - create IPUIPlugin
2022-09-29 16:22:20,491 [INFO] IPUIPlugin:79 - create IPUIPlugin
2022-09-29 16:22:20,491 [INFO] IPUIPlugin:79 - create IPUIPlugin
2022-09-29 16:22:20,491 [INFO] IPUIPlugin:79 - create IPUIPlugin
2022-09-29 16:22:20,491 [INFO] IPUIPlugin:79 - create IPUIPlugin
2022-09-29 16:22:20,492 [INFO] IPUIPlugin:79 - create IPUIPlugin
2022-09-29 16:22:20,492 [INFO] IPUIPlugin:79 - create IPUIPlugin
2022-09-29 16:22:20,492 [INFO] IPUIPlugin:79 - create IPUIPlugin
2022-09-29 16:22:20,492 [INFO] IPUIPlugin:79 - create IPUIPlugin
2022-09-29 16:22:20,492 [INFO] IPUIPlugin:79 - create IPUIPlugin
2022-09-29 16:22:20,493 [INFO] IPUIPlugin:79 - create IPUIPlugin
2022-09-29 16:22:20,493 [INFO] IPUIPlugin:79 - create IPUIPlugin
2022-09-29 16:22:20,493 [INFO] IPUIPlugin:79 - create IPUIPlugin
2022-09-29 16:22:20,494 [INFO] IPUIPlugin:79 - create IPUIPlugin
2022-09-29 16:22:20,494 [INFO] IPUIPlugin:79 - create IPUIPlugin
2022-09-29 16:22:20,494 [INFO] IPUIPlugin:79 - create IPUIPlugin
2022-09-29 16:22:20,495 [INFO] IPUIPlugin:79 - create IPUIPlugin
2022-09-29 16:22:20,495 [INFO] IPUIPlugin:79 - create IPUIPlugin
2022-09-29 16:22:20,496 [INFO] IPUIPlugin:79 - create IPUIPlugin
2022-09-29 16:22:20,496 [INFO] IPUIPlugin:79 - create IPUIPlugin
2022-09-29 16:22:20,496 [INFO] IPUIPlugin:79 - create IPUIPlugin
2022-09-29 16:22:20,497 [INFO] IPUIPlugin:79 - create IPUIPlugin
2022-09-29 16:22:20,497 [INFO] IPUIPlugin:79 - create IPUIPlugin
2022-09-29 16:22:20,497 [INFO] IPUIPlugin:79 - create IPUIPlugin
2022-09-29 16:22:20,498 [INFO] IPUIPlugin:79 - create IPUIPlugin
2022-09-29 16:22:20,498 [INFO] IPUIPlugin:79 - create IPUIPlugin
2022-09-29 16:22:20,499 [INFO] IPUIPlugin:79 - create IPUIPlugin
2022-09-29 16:22:20,499 [INFO] IPUIPlugin:79 - create IPUIPlugin
2022-09-29 16:22:20,499 [INFO] IPUIPlugin:79 - create IPUIPlugin
2022-09-29 16:22:20,500 [INFO] IPUIPlugin:79 - create IPUIPlugin
2022-09-29 16:22:20,500 [INFO] IPUIPlugin:79 - create IPUIPlugin
2022-09-29 16:22:20,501 [INFO] IPUIPlugin:79 - create IPUIPlugin
2022-09-29 16:22:20,501 [INFO] IPUIPlugin:79 - create IPUIPlugin
2022-09-29 16:22:20,502 [INFO] IPUIPlugin:79 - create IPUIPlugin
2022-09-29 16:22:20,502 [INFO] IPUIPlugin:79 - create IPUIPlugin
2022-09-29 16:22:20,503 [INFO] IPUIPlugin:79 - create IPUIPlugin
2022-09-29 16:22:20,503 [INFO] IPUIPlugin:79 - create IPUIPlugin
2022-09-29 16:22:20,504 [INFO] IPUIPlugin:79 - create IPUIPlugin
2022-09-29 16:22:20,504 [INFO] IPUIPlugin:79 - create IPUIPlugin
2022-09-29 16:22:20,505 [INFO] IPUIPlugin:79 - create IPUIPlugin
2022-09-29 16:22:20,505 [INFO] IPUIPlugin:79 - create IPUIPlugin
2022-09-29 16:22:20,506 [INFO] IPUIPlugin:79 - create IPUIPlugin
2022-09-29 16:22:20,507 [INFO] IPUIPlugin:79 - create IPUIPlugin
2022-09-29 16:22:20,508 [INFO] IPUIPlugin:79 - create IPUIPlugin
2022-09-29 16:22:20,508 [INFO] IPUIPlugin:79 - create IPUIPlugin
2022-09-29 16:22:20,510 [INFO] IPUIPlugin:79 - create IPUIPlugin
2022-09-29 16:22:20,510 [INFO] IPUIPlugin:79 - create IPUIPlugin
2022-09-29 16:22:20,511 [INFO] IPUIPlugin:79 - create IPUIPlugin
2022-09-29 16:22:20,512 [INFO] IPUIPlugin:79 - create IPUIPlugin
2022-09-29 16:22:20,557 [INFO] ApiDbMcu:505 - Load IP Config File for PDM2PCM
2022-09-29 16:22:20,753 [INFO] OpenFileManager:327 - Restore cursor
2022-09-29 16:22:21,287 [INFO] UtilMem:74 - End SaveConfig() Used Memory: 341671856 Bytes (467664896)
2022-09-29 16:22:21,349 [INFO] UtilMem:74 - End SaveConfig() Used Memory: 362643376 Bytes (467664896)
2022-09-29 16:22:21,671 [INFO] BlockDiagram:2753 - set Specific Code input for plugin: RCC
2022-09-29 16:22:21,671 [INFO] BlockDiagram:2753 - set Specific Code input for plugin: NVIC
2022-09-29 16:22:21,688 [INFO] CodeGenerator:690 - code generatio: config db path: C:\ST\STM32CubeIDE_1.10.1\STM32CubeIDE\plugins\com.st.stm32cube.common.mx_6.6.1.202207061420\\db\
2022-09-29 16:22:21,867 [INFO] CodeEngine:245 - oldGeneratedFile, C:\Users\guiga\Documents\Personal Projects\TinyML-ARM\Workspace\TinyML-F407\MXTmpFiles\license.tmp_save
2022-09-29 16:22:22,182 [INFO] CodeEngine:269 - Generated code: C:\Users\guiga\Documents\Personal Projects\TinyML-ARM\Workspace\TinyML-F407\MXTmpFiles\license.tmp
2022-09-29 16:22:22,194 [INFO] CodeEngine:245 - oldGeneratedFile, C:\Users\guiga\Documents\Personal Projects\TinyML-ARM\Workspace\TinyML-F407\Core\Src\stm32f4xx_it.c_save
2022-09-29 16:22:22,314 [INFO] CodeEngine:269 - Generated code: C:\Users\guiga\Documents\Personal Projects\TinyML-ARM\Workspace\TinyML-F407\Core\Src\stm32f4xx_it.c
2022-09-29 16:22:22,318 [INFO] CodeEngine:245 - oldGeneratedFile, C:\Users\guiga\Documents\Personal Projects\TinyML-ARM\Workspace\TinyML-F407\Core\Inc\stm32f4xx_it.h_save
2022-09-29 16:22:22,395 [INFO] CodeEngine:269 - Generated code: C:\Users\guiga\Documents\Personal Projects\TinyML-ARM\Workspace\TinyML-F407\Core\Inc\stm32f4xx_it.h
2022-09-29 16:22:22,445 [INFO] CodeEngine:245 - oldGeneratedFile, C:\Users\guiga\Documents\Personal Projects\TinyML-ARM\Workspace\TinyML-F407\Core\Src\stm32f4xx_hal_msp.c_save
2022-09-29 16:22:22,545 [INFO] CodeEngine:269 - Generated code: C:\Users\guiga\Documents\Personal Projects\TinyML-ARM\Workspace\TinyML-F407\Core\Src\stm32f4xx_hal_msp.c
2022-09-29 16:22:22,549 [INFO] CodeEngine:245 - oldGeneratedFile, C:\Users\guiga\Documents\Personal Projects\TinyML-ARM\Workspace\TinyML-F407\MXTmpFiles\system.tmp_save
2022-09-29 16:22:22,610 [INFO] CodeEngine:269 - Generated code: C:\Users\guiga\Documents\Personal Projects\TinyML-ARM\Workspace\TinyML-F407\MXTmpFiles\system.tmp
2022-09-29 16:22:22,617 [INFO] CodeEngine:245 - oldGeneratedFile, C:\Users\guiga\Documents\Personal Projects\TinyML-ARM\Workspace\TinyML-F407\Core\Inc\stm32f4xx_hal_conf.h_save
2022-09-29 16:22:22,718 [INFO] CodeEngine:269 - Generated code: C:\Users\guiga\Documents\Personal Projects\TinyML-ARM\Workspace\TinyML-F407\Core\Inc\stm32f4xx_hal_conf.h
2022-09-29 16:22:22,784 [INFO] CodeEngine:245 - oldGeneratedFile, C:\Users\guiga\Documents\Personal Projects\TinyML-ARM\Workspace\TinyML-F407\Core\Inc\main.h_save
2022-09-29 16:22:22,906 [INFO] CodeEngine:269 - Generated code: C:\Users\guiga\Documents\Personal Projects\TinyML-ARM\Workspace\TinyML-F407\Core\Inc\main.h
2022-09-29 16:22:22,910 [INFO] CodeEngine:245 - oldGeneratedFile, C:\Users\guiga\Documents\Personal Projects\TinyML-ARM\Workspace\TinyML-F407\Core\Src\main.c_save
2022-09-29 16:22:23,074 [INFO] CodeEngine:269 - Generated code: C:\Users\guiga\Documents\Personal Projects\TinyML-ARM\Workspace\TinyML-F407\Core\Src\main.c
2022-09-29 16:22:23,875 [INFO] ProjectBuilder:2919 - Time for Copy HAL[1] : 287mS.
2022-09-29 16:22:23,918 [INFO] ProjectBuilder:4117 - Project Generator version: 3.17.1
2022-09-29 16:22:24,358 [INFO] ConfigFileManager:1394 - The Die is : DIE413
2022-09-29 16:22:24,387 [INFO] ApiDbMcu:505 - Load IP Config File for FATFS
2022-09-29 16:22:24,401 [INFO] ApiDbMcu:505 - Load IP Config File for FREERTOS
2022-09-29 16:22:24,407 [INFO] ApiDbMcu:505 - Load IP Config File for LIBJPEG
2022-09-29 16:22:24,425 [INFO] ApiDbMcu:505 - Load IP Config File for LWIP
2022-09-29 16:22:24,435 [INFO] ApiDbMcu:505 - Load IP Config File for MBEDTLS
2022-09-29 16:22:24,443 [INFO] ApiDbMcu:505 - Load IP Config File for USB_DEVICE
2022-09-29 16:22:24,454 [INFO] ApiDbMcu:505 - Load IP Config File for USB_HOST
2022-09-29 16:22:27,651 [INFO] ProjectBuilder:4285 - Time for Generating toolchain IDE Files: 3733mS.
2022-09-29 16:22:27,652 [INFO] ProjectBuilder:2790 - Time for Copy CMSIS : 0mS.
2022-09-29 16:22:27,654 [INFO] ProjectBuilder:2790 - Time for Copy CMSIS : 0mS.
2022-09-29 16:22:28,187 [INFO] McuFinderGlobals:57 - Set McuFinderConnectedMode to true
2022-09-29 16:22:28,189 [INFO] ApiDb:443 - Save user favorites file C:\Users\guiga/.stm32cubeide/favorites.mcus.txt: 1 item(s)
2022-09-29 16:22:28,190 [INFO] ApiDb:447 - User favorites MCUs=[STM32F407VET6]
2022-09-29 16:25:03,069 [INFO] UtilMem:74 - End SaveConfig() Used Memory: 580009776 Bytes (793772032)
2022-09-29 16:25:06,496 [INFO] UtilMem:74 - End SaveConfig() Used Memory: 691251928 Bytes (793772032)
2022-09-29 16:25:06,815 [INFO] BlockDiagram:2753 - set Specific Code input for plugin: USB_DEVICE
2022-09-29 16:25:06,815 [INFO] BlockDiagram:2753 - set Specific Code input for plugin: RCC
2022-09-29 16:25:06,816 [INFO] BlockDiagram:2753 - set Specific Code input for plugin: USB_OTG_FS
2022-09-29 16:25:06,816 [INFO] BlockDiagram:2753 - set Specific Code input for plugin: NVIC
2022-09-29 16:25:06,817 [INFO] BlockDiagram:2753 - set Specific Code input for plugin: GPIO
2022-09-29 16:25:06,818 [INFO] CodeGenerator:690 - code generatio: config db path: C:\ST\STM32CubeIDE_1.10.1\STM32CubeIDE\plugins\com.st.stm32cube.common.mx_6.6.1.202207061420\\db\
2022-09-29 16:25:06,974 [INFO] CodeEngine:245 - oldGeneratedFile, C:\Users\guiga\Documents\Personal Projects\TinyML-ARM\Workspace\TinyML-F407\MXTmpFiles\license.tmp_save
2022-09-29 16:25:07,049 [INFO] CodeEngine:269 - Generated code: C:\Users\guiga\Documents\Personal Projects\TinyML-ARM\Workspace\TinyML-F407\MXTmpFiles\license.tmp
2022-09-29 16:25:07,163 [INFO] CodeEngine:245 - oldGeneratedFile, C:\Users\guiga\Documents\Personal Projects\TinyML-ARM\Workspace\TinyML-F407\MXTmpFiles\gpio.tmp_save
2022-09-29 16:25:07,315 [INFO] CodeEngine:269 - Generated code: C:\Users\guiga\Documents\Personal Projects\TinyML-ARM\Workspace\TinyML-F407\MXTmpFiles\gpio.tmp
2022-09-29 16:25:07,384 [WARN] IPConfigManager:2910 - Warning: the RefConfig PWREx_EnableUSBVoltageDetector is not available in your config.xml file
2022-09-29 16:25:07,408 [INFO] CodeEngine:245 - oldGeneratedFile, C:\Users\guiga\Documents\Personal Projects\TinyML-ARM\Workspace\TinyML-F407\MXTmpFiles\usb_otg_fs_vars.tmp_save
2022-09-29 16:25:07,468 [INFO] CodeEngine:269 - Generated code: C:\Users\guiga\Documents\Personal Projects\TinyML-ARM\Workspace\TinyML-F407\MXTmpFiles\usb_otg_fs_vars.tmp
2022-09-29 16:25:07,473 [INFO] CodeEngine:245 - oldGeneratedFile, C:\Users\guiga\Documents\Personal Projects\TinyML-ARM\Workspace\TinyML-F407\MXTmpFiles\usb_otg_fs_inc.tmp_save
2022-09-29 16:25:07,532 [INFO] CodeEngine:269 - Generated code: C:\Users\guiga\Documents\Personal Projects\TinyML-ARM\Workspace\TinyML-F407\MXTmpFiles\usb_otg_fs_inc.tmp
2022-09-29 16:25:07,556 [INFO] CodeEngine:245 - oldGeneratedFile, C:\Users\guiga\Documents\Personal Projects\TinyML-ARM\Workspace\TinyML-F407\MXTmpFiles\usb_otg_fs_HalInit.tmp_save
2022-09-29 16:25:07,641 [INFO] CodeEngine:269 - Generated code: C:\Users\guiga\Documents\Personal Projects\TinyML-ARM\Workspace\TinyML-F407\MXTmpFiles\usb_otg_fs_HalInit.tmp
2022-09-29 16:25:07,656 [INFO] CodeEngine:245 - oldGeneratedFile, C:\Users\guiga\Documents\Personal Projects\TinyML-ARM\Workspace\TinyML-F407\MXTmpFiles\usb_otg_fs_Msp.tmp_save
2022-09-29 16:25:07,737 [INFO] CodeEngine:269 - Generated code: C:\Users\guiga\Documents\Personal Projects\TinyML-ARM\Workspace\TinyML-F407\MXTmpFiles\usb_otg_fs_Msp.tmp
2022-09-29 16:25:07,786 [INFO] Middleware:1435 - No code input for Bsp Dependency
2022-09-29 16:25:07,797 [INFO] Middleware:1435 - No code input for Bsp Dependency
2022-09-29 16:25:07,834 [INFO] CodeEngine:245 - oldGeneratedFile, C:\Users\guiga\Documents\Personal Projects\TinyML-ARM\Workspace\TinyML-F407\USB_DEVICE\App\usb_device.c_save
2022-09-29 16:25:07,938 [INFO] CodeEngine:269 - Generated code: C:\Users\guiga\Documents\Personal Projects\TinyML-ARM\Workspace\TinyML-F407\USB_DEVICE\App\usb_device.c
2022-09-29 16:25:07,960 [INFO] CodeEngine:245 - oldGeneratedFile, C:\Users\guiga\Documents\Personal Projects\TinyML-ARM\Workspace\TinyML-F407\USB_DEVICE\App\usb_device.h_save
2022-09-29 16:25:08,019 [INFO] CodeEngine:269 - Generated code: C:\Users\guiga\Documents\Personal Projects\TinyML-ARM\Workspace\TinyML-F407\USB_DEVICE\App\usb_device.h
2022-09-29 16:25:08,036 [INFO] CodeEngine:245 - oldGeneratedFile, C:\Users\guiga\Documents\Personal Projects\TinyML-ARM\Workspace\TinyML-F407\USB_DEVICE\Target\usbd_conf.h_save
2022-09-29 16:25:08,105 [INFO] CodeEngine:269 - Generated code: C:\Users\guiga\Documents\Personal Projects\TinyML-ARM\Workspace\TinyML-F407\USB_DEVICE\Target\usbd_conf.h
2022-09-29 16:25:08,118 [INFO] CodeEngine:245 - oldGeneratedFile, C:\Users\guiga\Documents\Personal Projects\TinyML-ARM\Workspace\TinyML-F407\USB_DEVICE\Target\usbd_conf.c_save
2022-09-29 16:25:08,193 [INFO] CodeEngine:269 - Generated code: C:\Users\guiga\Documents\Personal Projects\TinyML-ARM\Workspace\TinyML-F407\USB_DEVICE\Target\usbd_conf.c
2022-09-29 16:25:08,210 [INFO] CodeEngine:245 - oldGeneratedFile, C:\Users\guiga\Documents\Personal Projects\TinyML-ARM\Workspace\TinyML-F407\USB_DEVICE\App\usbd_desc.h_save
2022-09-29 16:25:08,271 [INFO] CodeEngine:269 - Generated code: C:\Users\guiga\Documents\Personal Projects\TinyML-ARM\Workspace\TinyML-F407\USB_DEVICE\App\usbd_desc.h
2022-09-29 16:25:08,289 [INFO] CodeEngine:245 - oldGeneratedFile, C:\Users\guiga\Documents\Personal Projects\TinyML-ARM\Workspace\TinyML-F407\USB_DEVICE\App\usbd_desc.c_save
2022-09-29 16:25:08,399 [INFO] CodeEngine:269 - Generated code: C:\Users\guiga\Documents\Personal Projects\TinyML-ARM\Workspace\TinyML-F407\USB_DEVICE\App\usbd_desc.c
2022-09-29 16:25:08,426 [INFO] CodeEngine:245 - oldGeneratedFile, C:\Users\guiga\Documents\Personal Projects\TinyML-ARM\Workspace\TinyML-F407\USB_DEVICE\App\usbd_cdc_if.h_save
2022-09-29 16:25:08,488 [INFO] CodeEngine:269 - Generated code: C:\Users\guiga\Documents\Personal Projects\TinyML-ARM\Workspace\TinyML-F407\USB_DEVICE\App\usbd_cdc_if.h
2022-09-29 16:25:08,513 [INFO] CodeEngine:245 - oldGeneratedFile, C:\Users\guiga\Documents\Personal Projects\TinyML-ARM\Workspace\TinyML-F407\USB_DEVICE\App\usbd_cdc_if.c_save
2022-09-29 16:25:08,591 [INFO] CodeEngine:269 - Generated code: C:\Users\guiga\Documents\Personal Projects\TinyML-ARM\Workspace\TinyML-F407\USB_DEVICE\App\usbd_cdc_if.c
2022-09-29 16:25:08,609 [INFO] CodeEngine:245 - oldGeneratedFile, C:\Users\guiga\Documents\Personal Projects\TinyML-ARM\Workspace\TinyML-F407\Core\Src\stm32f4xx_it.c_save
2022-09-29 16:25:08,725 [INFO] CodeEngine:269 - Generated code: C:\Users\guiga\Documents\Personal Projects\TinyML-ARM\Workspace\TinyML-F407\Core\Src\stm32f4xx_it.c
2022-09-29 16:25:08,730 [INFO] CodeEngine:245 - oldGeneratedFile, C:\Users\guiga\Documents\Personal Projects\TinyML-ARM\Workspace\TinyML-F407\Core\Inc\stm32f4xx_it.h_save
2022-09-29 16:25:08,792 [INFO] CodeEngine:269 - Generated code: C:\Users\guiga\Documents\Personal Projects\TinyML-ARM\Workspace\TinyML-F407\Core\Inc\stm32f4xx_it.h
2022-09-29 16:25:08,819 [INFO] CodeEngine:245 - oldGeneratedFile, C:\Users\guiga\Documents\Personal Projects\TinyML-ARM\Workspace\TinyML-F407\Core\Src\stm32f4xx_hal_msp.c_save
2022-09-29 16:25:08,918 [INFO] CodeEngine:269 - Generated code: C:\Users\guiga\Documents\Personal Projects\TinyML-ARM\Workspace\TinyML-F407\Core\Src\stm32f4xx_hal_msp.c
2022-09-29 16:25:08,921 [INFO] CodeEngine:245 - oldGeneratedFile, C:\Users\guiga\Documents\Personal Projects\TinyML-ARM\Workspace\TinyML-F407\MXTmpFiles\system.tmp_save
2022-09-29 16:25:08,970 [INFO] CodeEngine:269 - Generated code: C:\Users\guiga\Documents\Personal Projects\TinyML-ARM\Workspace\TinyML-F407\MXTmpFiles\system.tmp
2022-09-29 16:25:08,983 [INFO] CodeEngine:245 - oldGeneratedFile, C:\Users\guiga\Documents\Personal Projects\TinyML-ARM\Workspace\TinyML-F407\Core\Inc\stm32f4xx_hal_conf.h_save
2022-09-29 16:25:09,065 [INFO] CodeEngine:269 - Generated code: C:\Users\guiga\Documents\Personal Projects\TinyML-ARM\Workspace\TinyML-F407\Core\Inc\stm32f4xx_hal_conf.h
2022-09-29 16:25:09,111 [INFO] CodeEngine:245 - oldGeneratedFile, C:\Users\guiga\Documents\Personal Projects\TinyML-ARM\Workspace\TinyML-F407\Core\Inc\main.h_save
2022-09-29 16:25:09,186 [INFO] CodeEngine:269 - Generated code: C:\Users\guiga\Documents\Personal Projects\TinyML-ARM\Workspace\TinyML-F407\Core\Inc\main.h
2022-09-29 16:25:09,203 [INFO] CodeEngine:245 - oldGeneratedFile, C:\Users\guiga\Documents\Personal Projects\TinyML-ARM\Workspace\TinyML-F407\Core\Src\main.c_save
2022-09-29 16:25:09,364 [INFO] CodeEngine:269 - Generated code: C:\Users\guiga\Documents\Personal Projects\TinyML-ARM\Workspace\TinyML-F407\Core\Src\main.c
2022-09-29 16:25:10,102 [INFO] ProjectBuilder:2919 - Time for Copy HAL[1] : 394mS.
2022-09-29 16:25:10,107 [INFO] ProjectBuilder:4117 - Project Generator version: 3.17.1
2022-09-29 16:25:10,405 [INFO] ConfigFileManager:1394 - The Die is : DIE413
2022-09-29 16:25:12,522 [INFO] ProjectBuilder:4285 - Time for Generating toolchain IDE Files: 2415mS.
2022-09-29 16:25:12,523 [INFO] ProjectBuilder:2790 - Time for Copy CMSIS : 0mS.
2022-09-29 16:25:12,527 [INFO] ProjectBuilder:2790 - Time for Copy CMSIS : 0mS.
2022-09-30 08:17:17,242 [INFO] Activator:177 - 


2022-09-30 08:17:17,250 [INFO] Activator:178 - !SESSION log4j initialized
2022-09-30 08:17:52,204 [ERROR] LogOutputStream:74 - [STDERR_REDIRECT] SLF4J: Failed to load class "org.slf4j.impl.StaticLoggerBinder".
2022-09-30 08:17:52,205 [ERROR] LogOutputStream:74 - [STDERR_REDIRECT] SLF4J: Defaulting to no-operation (NOP) logger implementation
2022-09-30 08:17:52,206 [ERROR] LogOutputStream:74 - [STDERR_REDIRECT] SLF4J: See http://www.slf4j.org/codes.html#StaticLoggerBinder for further details.
